Compiling the C compiler identification source file "CMakeCCompilerId.c" failed.
Compiler: C:/Users/User/Documents/MinGW/bin/g++.exe 
Build flags: 
Id flags:  

The output was:
1
CMakeCCompilerId.c:2:3: error: #error "A C++ compiler has been selected for C."
    2 | # error "A C++ compiler has been selected for C."
      |   ^~~~~


Compiling the C compiler identification source file "CMakeCCompilerId.c" failed.
Compiler: C:/Users/User/Documents/MinGW/bin/g++.exe 
Build flags: 
Id flags: -c 

The output was:
1
CMakeCCompilerId.c:2:3: error: #error "A C++ compiler has been selected for C."
    2 | # error "A C++ compiler has been selected for C."
      |   ^~~~~


Compiling the C compiler identification source file "CMakeCCompilerId.c" failed.
Compiler: C:/Users/User/Documents/MinGW/bin/g++.exe 
Build flags: 
Id flags: -Aa 

The output was:
1
<command-line>: error: missing '(' after predicate
CMakeCCompilerId.c:2:3: error: #error "A C++ compiler has been selected for C."
    2 | # error "A C++ compiler has been selected for C."
      |   ^~~~~


Compiling the C compiler identification source file "CMakeCCompilerId.c" failed.
Compiler: C:/Users/User/Documents/MinGW/bin/g++.exe 
Build flags: 
Id flags: -D__CLASSIC_C__ 

The output was:
1
CMakeCCompilerId.c:2:3: error: #error "A C++ compiler has been selected for C."
    2 | # error "A C++ compiler has been selected for C."
      |   ^~~~~
CMakeCCompilerId.c:321:29: warning: ISO C++ forbids converting a string constant to 'char*' [-Wwrite-strings]
  321 | char const* info_compiler = "INFO" ":" "compiler[" COMPILER_ID "]";
      |                             ^~~~~~~~~~~~~~~~~~~~~~~~~~~~~~~~~~~~~~
CMakeCCompilerId.c:635:29: warning: ISO C++ forbids converting a string constant to 'char*' [-Wwrite-strings]
  635 | char const* info_platform = "INFO" ":" "platform[" PLATFORM_ID "]";
      |                             ^~~~~~~~~~~~~~~~~~~~~~~~~~~~~~~~~~~~~~
CMakeCCompilerId.c:636:25: warning: ISO C++ forbids converting a string constant to 'char*' [-Wwrite-strings]
  636 | char const* info_arch = "INFO" ":" "arch[" ARCHITECTURE_ID "]";
      |                         ^~~~~~~~~~~~~~~~~~~~~~~~~~~~~~~~~~~~~~
CMakeCCompilerId.c:655:3: warning: ISO C++ forbids converting a string constant to 'char*' [-Wwrite-strings]
  655 |   "INFO" ":" "dialect_default[" C_DIALECT "]";
      |   ^~~~~~~~~~~~~~~~~~~~~~~~~~~~~~~~~~~~~~~~~~~
CMakeCCompilerId.c:663:10: error: cannot declare '::main' to be a global variable
  663 | int main(argc, argv) int argc; char *argv[];
      |          ^~~~
CMakeCCompilerId.c:663:10: error: 'argc' was not declared in this scope
CMakeCCompilerId.c:663:16: error: 'argv' was not declared in this scope
  663 | int main(argc, argv) int argc; char *argv[];
      |                ^~~~
CMakeCCompilerId.c:663:20: error: expression list treated as compound expression in initializer [-fpermissive]
  663 | int main(argc, argv) int argc; char *argv[];
      |                    ^
CMakeCCompilerId.c:663:38: error: storage size of 'argv' isn't known
  663 | int main(argc, argv) int argc; char *argv[];
      |                                      ^~~~
CMakeCCompilerId.c:667:1: error: expected unqualified-id before '{' token
  667 | {
      | ^


Compiling the C compiler identification source file "CMakeCCompilerId.c" failed.
Compiler: C:/Users/User/Documents/MinGW/bin/g++.exe 
Build flags: 
Id flags: --target=arm-arm-none-eabi;-mcpu=cortex-m3 

The output was:
1
g++.exe: warning: '-mcpu=' is deprecated; use '-mtune=' or '-march=' instead
g++.exe: error: unrecognized command line option '--target=arm-arm-none-eabi'


Compiling the C compiler identification source file "CMakeCCompilerId.c" failed.
Compiler: C:/Users/User/Documents/MinGW/bin/g++.exe 
Build flags: 
Id flags:  

The output was:
1
CMakeCCompilerId.c:2:3: error: #error "A C++ compiler has been selected for C."
    2 | # error "A C++ compiler has been selected for C."
      |   ^~~~~


Compiling the C compiler identification source file "CMakeCCompilerId.c" failed.
Compiler: C:/Users/User/Documents/MinGW/bin/g++.exe 
Build flags: 
Id flags: -c 

The output was:
1
CMakeCCompilerId.c:2:3: error: #error "A C++ compiler has been selected for C."
    2 | # error "A C++ compiler has been selected for C."
      |   ^~~~~


Compiling the C compiler identification source file "CMakeCCompilerId.c" failed.
Compiler: C:/Users/User/Documents/MinGW/bin/g++.exe 
Build flags: 
Id flags: -Aa 

The output was:
1
<command-line>: error: missing '(' after predicate
CMakeCCompilerId.c:2:3: error: #error "A C++ compiler has been selected for C."
    2 | # error "A C++ compiler has been selected for C."
      |   ^~~~~


Compiling the C compiler identification source file "CMakeCCompilerId.c" failed.
Compiler: C:/Users/User/Documents/MinGW/bin/g++.exe 
Build flags: 
Id flags: -D__CLASSIC_C__ 

The output was:
1
CMakeCCompilerId.c:2:3: error: #error "A C++ compiler has been selected for C."
    2 | # error "A C++ compiler has been selected for C."
      |   ^~~~~
CMakeCCompilerId.c:321:29: warning: ISO C++ forbids converting a string constant to 'char*' [-Wwrite-strings]
  321 | char const* info_compiler = "INFO" ":" "compiler[" COMPILER_ID "]";
      |                             ^~~~~~~~~~~~~~~~~~~~~~~~~~~~~~~~~~~~~~
CMakeCCompilerId.c:635:29: warning: ISO C++ forbids converting a string constant to 'char*' [-Wwrite-strings]
  635 | char const* info_platform = "INFO" ":" "platform[" PLATFORM_ID "]";
      |                             ^~~~~~~~~~~~~~~~~~~~~~~~~~~~~~~~~~~~~~
CMakeCCompilerId.c:636:25: warning: ISO C++ forbids converting a string constant to 'char*' [-Wwrite-strings]
  636 | char const* info_arch = "INFO" ":" "arch[" ARCHITECTURE_ID "]";
      |                         ^~~~~~~~~~~~~~~~~~~~~~~~~~~~~~~~~~~~~~
CMakeCCompilerId.c:655:3: warning: ISO C++ forbids converting a string constant to 'char*' [-Wwrite-strings]
  655 |   "INFO" ":" "dialect_default[" C_DIALECT "]";
      |   ^~~~~~~~~~~~~~~~~~~~~~~~~~~~~~~~~~~~~~~~~~~
CMakeCCompilerId.c:663:10: error: cannot declare '::main' to be a global variable
  663 | int main(argc, argv) int argc; char *argv[];
      |          ^~~~
CMakeCCompilerId.c:663:10: error: 'argc' was not declared in this scope
CMakeCCompilerId.c:663:16: error: 'argv' was not declared in this scope
  663 | int main(argc, argv) int argc; char *argv[];
      |                ^~~~
CMakeCCompilerId.c:663:20: error: expression list treated as compound expression in initializer [-fpermissive]
  663 | int main(argc, argv) int argc; char *argv[];
      |                    ^
CMakeCCompilerId.c:663:38: error: storage size of 'argv' isn't known
  663 | int main(argc, argv) int argc; char *argv[];
      |                                      ^~~~
CMakeCCompilerId.c:667:1: error: expected unqualified-id before '{' token
  667 | {
      | ^


Compiling the C compiler identification source file "CMakeCCompilerId.c" failed.
Compiler: C:/Users/User/Documents/MinGW/bin/g++.exe 
Build flags: 
Id flags: --target=arm-arm-none-eabi;-mcpu=cortex-m3 

The output was:
1
g++.exe: warning: '-mcpu=' is deprecated; use '-mtune=' or '-march=' instead
g++.exe: error: unrecognized command line option '--target=arm-arm-none-eabi'


Checking whether the C compiler is IAR using "" did not match "IAR .+ Compiler":
g++.exe: fatal error: no input files
compilation terminated.
Checking whether the C compiler is IAR using "" did not match "IAR .+ Compiler":
g++.exe: fatal error: no input files
compilation terminated.
Detecting C compiler ABI info failed to compile with the following output:
Change Dir: C:/Users/User/Desktop/end_copy/cmake-build-debug/CMakeFiles/CMakeTmp

Run Build Command(s):C:/Users/User/Documents/MinGW/bin/mingw32-make.exe cmTC_8b8e0/fast && mingw32-make.exe[1]: Entering directory 'C:/Users/User/Desktop/end_copy/cmake-build-debug/CMakeFiles/CMakeTmp'
C:/Users/User/Documents/MinGW/bin/mingw32-make.exe  -f CMakeFiles\cmTC_8b8e0.dir\build.make CMakeFiles/cmTC_8b8e0.dir/build
mingw32-make.exe[2]: Entering directory 'C:/Users/User/Desktop/end_copy/cmake-build-debug/CMakeFiles/CMakeTmp'
Building C object CMakeFiles/cmTC_8b8e0.dir/CMakeCCompilerABI.c.obj
C:\Users\User\Documents\MinGW\bin\g++.exe    -o CMakeFiles\cmTC_8b8e0.dir\CMakeCCompilerABI.c.obj -c "E:\aHOME\CLion 2021.1.1\bin\cmake\win\share\cmake-3.19\Modules\CMakeCCompilerABI.c"
E:\aHOME\CLion 2021.1.1\bin\cmake\win\share\cmake-3.19\Modules\CMakeCCompilerABI.c:2:4: error: #error "A C++ compiler has been selected for C."
    2 | #  error "A C++ compiler has been selected for C."
      |    ^~~~~
mingw32-make.exe[2]: *** [CMakeFiles\cmTC_8b8e0.dir\build.make:84: CMakeFiles/cmTC_8b8e0.dir/CMakeCCompilerABI.c.obj] Error 1
mingw32-make.exe[2]: Leaving directory 'C:/Users/User/Desktop/end_copy/cmake-build-debug/CMakeFiles/CMakeTmp'
mingw32-make.exe[1]: *** [Makefile:139: cmTC_8b8e0/fast] Error 2
mingw32-make.exe[1]: Leaving directory 'C:/Users/User/Desktop/end_copy/cmake-build-debug/CMakeFiles/CMakeTmp'




Determining if the C compiler works failed with the following output:
Change Dir: C:/Users/User/Desktop/end_copy/cmake-build-debug/CMakeFiles/CMakeTmp

Run Build Command(s):C:/Users/User/Documents/MinGW/bin/mingw32-make.exe cmTC_8aece/fast && mingw32-make.exe[1]: Entering directory 'C:/Users/User/Desktop/end_copy/cmake-build-debug/CMakeFiles/CMakeTmp'
C:/Users/User/Documents/MinGW/bin/mingw32-make.exe  -f CMakeFiles\cmTC_8aece.dir\build.make CMakeFiles/cmTC_8aece.dir/build
mingw32-make.exe[2]: Entering directory 'C:/Users/User/Desktop/end_copy/cmake-build-debug/CMakeFiles/CMakeTmp'
Building C object CMakeFiles/cmTC_8aece.dir/testCCompiler.c.obj
C:\Users\User\Documents\MinGW\bin\g++.exe    -o CMakeFiles\cmTC_8aece.dir\testCCompiler.c.obj -c C:\Users\User\Desktop\end_copy\cmake-build-debug\CMakeFiles\CMakeTmp\testCCompiler.c
C:\Users\User\Desktop\end_copy\cmake-build-debug\CMakeFiles\CMakeTmp\testCCompiler.c:2:3: error: #error "The CMAKE_C_COMPILER is set to a C++ compiler"
    2 | # error "The CMAKE_C_COMPILER is set to a C++ compiler"
      |   ^~~~~
mingw32-make.exe[2]: *** [CMakeFiles\cmTC_8aece.dir\build.make:84: CMakeFiles/cmTC_8aece.dir/testCCompiler.c.obj] Error 1
mingw32-make.exe[2]: Leaving directory 'C:/Users/User/Desktop/end_copy/cmake-build-debug/CMakeFiles/CMakeTmp'
mingw32-make.exe[1]: *** [Makefile:139: cmTC_8aece/fast] Error 2
mingw32-make.exe[1]: Leaving directory 'C:/Users/User/Desktop/end_copy/cmake-build-debug/CMakeFiles/CMakeTmp'



